"QUERY PLAN"
"Limit  (cost=11323.83..11323.95 rows=50 width=16) (actual time=133.377..161.744 rows=50 loops=1)"
"  Output: customer_id, (sum(revenue))"
"  Buffers: shared hit=6080"
"  ->  Sort  (cost=11323.83..11332.60 rows=3509 width=16) (actual time=133.375..161.738 rows=50 loops=1)"
"        Output: customer_id, (sum(revenue))"
"        Sort Key: (sum(f.revenue)) DESC"
"        Sort Method: top-N heapsort  Memory: 28kB"
"        Buffers: shared hit=6080"
"        ->  Finalize HashAggregate  (cost=11172.17..11207.26 rows=3509 width=16) (actual time=132.698..161.427 rows=4373 loops=1)"
"              Output: customer_id, sum(revenue)"
"              Group Key: f.customer_id"
"              Batches: 1  Memory Usage: 721kB"
"              Buffers: shared hit=6080"
"              ->  Gather  (cost=10400.19..11137.08 rows=7018 width=16) (actual time=128.089..158.648 rows=12513 loops=1)"
"                    Output: customer_id, (PARTIAL sum(revenue))"
"                    Workers Planned: 2"
"                    Workers Launched: 2"
"                    Buffers: shared hit=6080"
"                    ->  Partial HashAggregate  (cost=9400.19..9435.28 rows=3509 width=16) (actual time=71.460..71.981 rows=4171 loops=3)"
"                          Output: customer_id, PARTIAL sum(revenue)"
"                          Group Key: f.customer_id"
"                          Batches: 1  Memory Usage: 721kB"
"                          Buffers: shared hit=6080"
"                          Worker 0:  actual time=46.514..46.873 rows=4156 loops=1"
"                            Batches: 1  Memory Usage: 721kB"
"                            Buffers: shared hit=1768"
"                          Worker 1:  actual time=41.393..41.852 rows=4091 loops=1"
"                            Batches: 1  Memory Usage: 721kB"
"                            Buffers: shared hit=1429"
"                          ->  Parallel Seq Scan on public.fact_sales f  (cost=0.00..8293.46 rows=221346 width=16) (actual time=0.018..16.849 rows=177075 loops=3)"
"                                Output: invoice_no, product_id, customer_id, date_id, quantity, unit_price, revenue, is_return, is_free_item"
"                                Buffers: shared hit=6080"
"                                Worker 0:  actual time=0.012..12.282 rows=154175 loops=1"
"                                  Buffers: shared hit=1768"
"                                Worker 1:  actual time=0.015..10.671 rows=124783 loops=1"
"                                  Buffers: shared hit=1429"
"Planning Time: 0.345 ms"
"Execution Time: 162.217 ms"
